<?xml version="1.0" encoding="UTF-8"?>
<testsuite xmlns:xsi="http://www.w3.org/2001/XMLSchema-instance" xsi:noNamespaceSchemaLocation="https://maven.apache.org/surefire/maven-surefire-plugin/xsd/surefire-test-report-3.0.xsd" version="3.0" name="TestSuite" time="8.32" tests="1" errors="0" skipped="0" failures="0">
  <properties>
    <property name="java.specification.version" value="15"/>
    <property name="webdriver.chrome.driver" value="/Users/kishorekumar.kuppus/Documents/ATG/ATGMaven/Browsers/chrome/chromedriver"/>
    <property name="sun.jnu.encoding" value="UTF-8"/>
    <property name="java.class.path" value="/Users/kishorekumar.kuppus/Documents/ATG/ATGMaven/target/test-classes:/Users/kishorekumar.kuppus/Documents/ATG/ATGMaven/target/classes:/Users/kishorekumar.kuppus/.m2/repository/org/testng/testng/6.14.3/testng-6.14.3.jar:/Users/kishorekumar.kuppus/.m2/repository/org/apache-extras/beanshell/bsh/2.0b6/bsh-2.0b6.jar:/Users/kishorekumar.kuppus/.m2/repository/org/seleniumhq/selenium/selenium-java/3.141.59/selenium-java-3.141.59.jar:/Users/kishorekumar.kuppus/.m2/repository/org/seleniumhq/selenium/selenium-api/3.141.59/selenium-api-3.141.59.jar:/Users/kishorekumar.kuppus/.m2/repository/org/seleniumhq/selenium/selenium-chrome-driver/3.141.59/selenium-chrome-driver-3.141.59.jar:/Users/kishorekumar.kuppus/.m2/repository/org/seleniumhq/selenium/selenium-edge-driver/3.141.59/selenium-edge-driver-3.141.59.jar:/Users/kishorekumar.kuppus/.m2/repository/org/seleniumhq/selenium/selenium-firefox-driver/3.141.59/selenium-firefox-driver-3.141.59.jar:/Users/kishorekumar.kuppus/.m2/repository/org/seleniumhq/selenium/selenium-ie-driver/3.141.59/selenium-ie-driver-3.141.59.jar:/Users/kishorekumar.kuppus/.m2/repository/org/seleniumhq/selenium/selenium-opera-driver/3.141.59/selenium-opera-driver-3.141.59.jar:/Users/kishorekumar.kuppus/.m2/repository/org/seleniumhq/selenium/selenium-remote-driver/3.141.59/selenium-remote-driver-3.141.59.jar:/Users/kishorekumar.kuppus/.m2/repository/org/seleniumhq/selenium/selenium-safari-driver/3.141.59/selenium-safari-driver-3.141.59.jar:/Users/kishorekumar.kuppus/.m2/repository/org/seleniumhq/selenium/selenium-support/3.141.59/selenium-support-3.141.59.jar:/Users/kishorekumar.kuppus/.m2/repository/net/bytebuddy/byte-buddy/1.8.15/byte-buddy-1.8.15.jar:/Users/kishorekumar.kuppus/.m2/repository/org/apache/commons/commons-exec/1.3/commons-exec-1.3.jar:/Users/kishorekumar.kuppus/.m2/repository/com/google/guava/guava/25.0-jre/guava-25.0-jre.jar:/Users/kishorekumar.kuppus/.m2/repository/com/google/code/findbugs/jsr305/1.3.9/jsr305-1.3.9.jar:/Users/kishorekumar.kuppus/.m2/repository/org/checkerframework/checker-compat-qual/2.0.0/checker-compat-qual-2.0.0.jar:/Users/kishorekumar.kuppus/.m2/repository/com/google/errorprone/error_prone_annotations/2.1.3/error_prone_annotations-2.1.3.jar:/Users/kishorekumar.kuppus/.m2/repository/com/google/j2objc/j2objc-annotations/1.1/j2objc-annotations-1.1.jar:/Users/kishorekumar.kuppus/.m2/repository/org/codehaus/mojo/animal-sniffer-annotations/1.14/animal-sniffer-annotations-1.14.jar:/Users/kishorekumar.kuppus/.m2/repository/com/squareup/okhttp3/okhttp/3.11.0/okhttp-3.11.0.jar:/Users/kishorekumar.kuppus/.m2/repository/com/squareup/okio/okio/1.14.0/okio-1.14.0.jar:/Users/kishorekumar.kuppus/.m2/repository/org/slf4j/slf4j-log4j12/2.0.0-alpha0/slf4j-log4j12-2.0.0-alpha0.jar:/Users/kishorekumar.kuppus/.m2/repository/org/slf4j/slf4j-api/2.0.0-alpha0/slf4j-api-2.0.0-alpha0.jar:/Users/kishorekumar.kuppus/.m2/repository/log4j/log4j/1.2.17/log4j-1.2.17.jar:/Users/kishorekumar.kuppus/.m2/repository/com/beust/jcommander/1.48/jcommander-1.48.jar:"/>
    <property name="java.vm.vendor" value="Oracle Corporation"/>
    <property name="sun.arch.data.model" value="64"/>
    <property name="java.vendor.url" value="https://openjdk.java.net/"/>
    <property name="user.timezone" value="Europe/Stockholm"/>
    <property name="os.name" value="Mac OS X"/>
    <property name="java.vm.specification.version" value="15"/>
    <property name="sun.java.launcher" value="SUN_STANDARD"/>
    <property name="user.country" value="GB"/>
    <property name="sun.boot.library.path" value="/usr/local/Cellar/openjdk/15.0.2/libexec/openjdk.jdk/Contents/Home/lib"/>
    <property name="sun.java.command" value="/Users/kishorekumar.kuppus/Documents/ATG/ATGMaven/target/surefire/surefirebooter15104429713381618722.jar /Users/kishorekumar.kuppus/Documents/ATG/ATGMaven/target/surefire 2021-07-01T18-39-22_935-jvmRun1 surefire3621173143009636842tmp surefire_014447545173243767104tmp"/>
    <property name="http.nonProxyHosts" value="local|*.local|169.254/16|*.169.254/16"/>
    <property name="jdk.debug" value="release"/>
    <property name="surefire.test.class.path" value="/Users/kishorekumar.kuppus/Documents/ATG/ATGMaven/target/test-classes:/Users/kishorekumar.kuppus/Documents/ATG/ATGMaven/target/classes:/Users/kishorekumar.kuppus/.m2/repository/org/testng/testng/6.14.3/testng-6.14.3.jar:/Users/kishorekumar.kuppus/.m2/repository/org/apache-extras/beanshell/bsh/2.0b6/bsh-2.0b6.jar:/Users/kishorekumar.kuppus/.m2/repository/org/seleniumhq/selenium/selenium-java/3.141.59/selenium-java-3.141.59.jar:/Users/kishorekumar.kuppus/.m2/repository/org/seleniumhq/selenium/selenium-api/3.141.59/selenium-api-3.141.59.jar:/Users/kishorekumar.kuppus/.m2/repository/org/seleniumhq/selenium/selenium-chrome-driver/3.141.59/selenium-chrome-driver-3.141.59.jar:/Users/kishorekumar.kuppus/.m2/repository/org/seleniumhq/selenium/selenium-edge-driver/3.141.59/selenium-edge-driver-3.141.59.jar:/Users/kishorekumar.kuppus/.m2/repository/org/seleniumhq/selenium/selenium-firefox-driver/3.141.59/selenium-firefox-driver-3.141.59.jar:/Users/kishorekumar.kuppus/.m2/repository/org/seleniumhq/selenium/selenium-ie-driver/3.141.59/selenium-ie-driver-3.141.59.jar:/Users/kishorekumar.kuppus/.m2/repository/org/seleniumhq/selenium/selenium-opera-driver/3.141.59/selenium-opera-driver-3.141.59.jar:/Users/kishorekumar.kuppus/.m2/repository/org/seleniumhq/selenium/selenium-remote-driver/3.141.59/selenium-remote-driver-3.141.59.jar:/Users/kishorekumar.kuppus/.m2/repository/org/seleniumhq/selenium/selenium-safari-driver/3.141.59/selenium-safari-driver-3.141.59.jar:/Users/kishorekumar.kuppus/.m2/repository/org/seleniumhq/selenium/selenium-support/3.141.59/selenium-support-3.141.59.jar:/Users/kishorekumar.kuppus/.m2/repository/net/bytebuddy/byte-buddy/1.8.15/byte-buddy-1.8.15.jar:/Users/kishorekumar.kuppus/.m2/repository/org/apache/commons/commons-exec/1.3/commons-exec-1.3.jar:/Users/kishorekumar.kuppus/.m2/repository/com/google/guava/guava/25.0-jre/guava-25.0-jre.jar:/Users/kishorekumar.kuppus/.m2/repository/com/google/code/findbugs/jsr305/1.3.9/jsr305-1.3.9.jar:/Users/kishorekumar.kuppus/.m2/repository/org/checkerframework/checker-compat-qual/2.0.0/checker-compat-qual-2.0.0.jar:/Users/kishorekumar.kuppus/.m2/repository/com/google/errorprone/error_prone_annotations/2.1.3/error_prone_annotations-2.1.3.jar:/Users/kishorekumar.kuppus/.m2/repository/com/google/j2objc/j2objc-annotations/1.1/j2objc-annotations-1.1.jar:/Users/kishorekumar.kuppus/.m2/repository/org/codehaus/mojo/animal-sniffer-annotations/1.14/animal-sniffer-annotations-1.14.jar:/Users/kishorekumar.kuppus/.m2/repository/com/squareup/okhttp3/okhttp/3.11.0/okhttp-3.11.0.jar:/Users/kishorekumar.kuppus/.m2/repository/com/squareup/okio/okio/1.14.0/okio-1.14.0.jar:/Users/kishorekumar.kuppus/.m2/repository/org/slf4j/slf4j-log4j12/2.0.0-alpha0/slf4j-log4j12-2.0.0-alpha0.jar:/Users/kishorekumar.kuppus/.m2/repository/org/slf4j/slf4j-api/2.0.0-alpha0/slf4j-api-2.0.0-alpha0.jar:/Users/kishorekumar.kuppus/.m2/repository/log4j/log4j/1.2.17/log4j-1.2.17.jar:/Users/kishorekumar.kuppus/.m2/repository/com/beust/jcommander/1.48/jcommander-1.48.jar:"/>
    <property name="sun.cpu.endian" value="little"/>
    <property name="user.home" value="/Users/kishorekumar.kuppus"/>
    <property name="user.language" value="en"/>
    <property name="java.specification.vendor" value="Oracle Corporation"/>
    <property name="java.version.date" value="2021-01-19"/>
    <property name="java.home" value="/usr/local/Cellar/openjdk/15.0.2/libexec/openjdk.jdk/Contents/Home"/>
    <property name="file.separator" value="/"/>
    <property name="basedir" value="/Users/kishorekumar.kuppus/Documents/ATG/ATGMaven"/>
    <property name="java.vm.compressedOopsMode" value="Zero based"/>
    <property name="line.separator" value="&#10;"/>
    <property name="java.specification.name" value="Java Platform API Specification"/>
    <property name="java.vm.specification.vendor" value="Oracle Corporation"/>
    <property name="surefire.real.class.path" value="/Users/kishorekumar.kuppus/Documents/ATG/ATGMaven/target/surefire/surefirebooter15104429713381618722.jar"/>
    <property name="sun.management.compiler" value="HotSpot 64-Bit Tiered Compilers"/>
    <property name="ftp.nonProxyHosts" value="local|*.local|169.254/16|*.169.254/16"/>
    <property name="java.runtime.version" value="15.0.2+7"/>
    <property name="user.name" value="kishorekumar.kuppus"/>
    <property name="path.separator" value=":"/>
    <property name="os.version" value="10.15.7"/>
    <property name="java.runtime.name" value="OpenJDK Runtime Environment"/>
    <property name="file.encoding" value="UTF-8"/>
    <property name="java.vm.name" value="OpenJDK 64-Bit Server VM"/>
    <property name="localRepository" value="/Users/kishorekumar.kuppus/.m2/repository"/>
    <property name="java.vendor.url.bug" value="https://bugreport.java.com/bugreport/"/>
    <property name="java.io.tmpdir" value="/var/folders/cq/vtvsmjw9219cbx3rjrf413xw0000gn/T/"/>
    <property name="java.version" value="15.0.2"/>
    <property name="user.dir" value="/Users/kishorekumar.kuppus/Documents/ATG/ATGMaven"/>
    <property name="os.arch" value="x86_64"/>
    <property name="java.vm.specification.name" value="Java Virtual Machine Specification"/>
    <property name="java.library.path" value="/Users/kishorekumar.kuppus/Library/Java/Extensions:/Library/Java/Extensions:/Network/Library/Java/Extensions:/System/Library/Java/Extensions:/usr/lib/java:."/>
    <property name="java.vm.info" value="mixed mode, sharing"/>
    <property name="java.vendor" value="N/A"/>
    <property name="java.vm.version" value="15.0.2+7"/>
    <property name="sun.io.unicode.encoding" value="UnicodeBig"/>
    <property name="socksNonProxyHosts" value="local|*.local|169.254/16|*.169.254/16"/>
    <property name="java.class.version" value="59.0"/>
  </properties>
  <testcase name="horseTest" classname="com.atg.tests.HorsePageTest" time="2.579">
    <system-err><![CDATA[Starting ChromeDriver 90.0.4430.24 (4c6d850f087da467d926e8eddb76550aed655991-refs/branch-heads/4430@{#429}) on port 33730
Only local connections are allowed.
Please see https://chromedriver.chromium.o[rg/1s6e2cu5r1i5t7y5-6c3o.n9s6i6d]e[rWatAiRoNnIsN Gf]or :s uFgrgeosmtiSoonsc konA dkedepri nfg aChirlomeedD roinv enre tsamfaes.k

[16C2h5r1o5m75e6D3r.i9v6er6 ]wa[sW sAtRaNrIteNd Gsu]c:c eFrssofmulSloy.c
kAddr failed on netmask
[1625157565.662][WARNING]: This version of ChromeDriver has not been tested with Chrome version 91.
Jul 01, 2021 6:39:25 PM org.openqa.selenium.remote.ProtocolHandshake createSession
INFO: Detected dialect: W3C
]]></system-err>
  </testcase>
</testsuite>