<?xml version="1.0" encoding="UTF-8"?>
<!-- Generated by org.testng.reporters.JUnitReportReporter -->
<testsuite skipped="0" hostname="Kishorekumarkuppuswamy-mac.local" name="com.atg.tests.HorsePageTest" tests="1" failures="0" timestamp="01 Jul 2021 23:35:31 GMT" time="12.840" errors="0">
  <testcase name="horseTest" time="12.840" classname="com.atg.tests.HorsePageTest"/>
</testsuite> <!-- com.atg.tests.HorsePageTest -->
