<?xml version="1.0" encoding="UTF-8"?>
<!-- Generated by org.testng.reporters.JUnitReportReporter -->
<testsuite hostname="Kishorekumarkuppuswamy-mac.local" failures="0" tests="1" name="com.atg.tests.HorsePageTest" time="8.043" errors="0" timestamp="01 Jul 2021 16:39:31 GMT" skipped="0">
  <testcase classname="com.atg.tests.HorsePageTest" name="horseTest" time="8.043"/>
</testsuite> <!-- com.atg.tests.HorsePageTest -->
